This is pdfTeX, Version 3.1415926-1.40.10 (TeX Live 2009/Debian) (format=pdflatex 2012.8.23)  19 SEP 2012 01:57
entering extended mode
 %&-line parsing enabled.
**main
(./main.tex
LaTeX2e <2009/09/24>
Babel <v3.8l> and hyphenation patterns for english, usenglishmax, dumylang, noh
yphenation, farsi, arabic, croatian, bulgarian, ukrainian, russian, czech, slov
ak, danish, dutch, finnish, french, basque, ngerman, german, german-x-2009-06-1
9, ngerman-x-2009-06-19, ibycus, monogreek, greek, ancientgreek, hungarian, san
skrit, italian, latin, latvian, lithuanian, mongolian2a, mongolian, bokmal, nyn
orsk, romanian, irish, coptic, serbian, turkish, welsh, esperanto, uppersorbian
, estonian, indonesian, interlingua, icelandic, kurmanji, slovenian, polish, po
rtuguese, spanish, galician, catalan, swedish, ukenglish, pinyin, loaded.
(./mitthesis.cls
Document Class: mitthesis 1999/10/20
\vithesis=\count79
(/usr/share/texmf-texlive/tex/latex/base/report.cls
Document Class: report 2007/10/19 v1.4h Standard LaTeX document class
(/usr/share/texmf-texlive/tex/latex/base/size12.clo
File: size12.clo 2007/10/19 v1.4h Standard LaTeX file (size option)
)
\c@part=\count80
\c@chapter=\count81
\c@section=\count82
\c@subsection=\count83
\c@subsubsection=\count84
\c@paragraph=\count85
\c@subparagraph=\count86
\c@figure=\count87
\c@table=\count88
\abovecaptionskip=\skip41
\belowcaptionskip=\skip42
\bibindent=\dimen102
)
(/usr/share/texmf-texlive/tex/latex/setspace/setspace.sty
Package: setspace 2000/12/01 6.7 Contributed and Supported LaTeX2e package

Package: `setspace' 6.7 <2000/12/01>
)
Thesis document copyright MIT unless otherwise (manually) specified
\@titlesupervisor=\box26
\@abstractsupervisor=\box27
\c@savepage=\count89
) (./lgrind.sty
Package: lgrind 1997/01/30 v3.4 LGrind environment and supporting stuff
\lc@unt=\count90
\ln@xt=\count91
\LGnuminterval=\count92
\LGindent=\skip43
\LGsloppy=\skip44
\procbox=\box28
\ls@far=\box29
\tb@x=\box30
\TBw@d=\dimen103
\@ts=\dimen104
) (/usr/share/texmf-texlive/tex/latex/graphics/graphicx.sty
Package: graphicx 1999/02/16 v1.0f Enhanced LaTeX Graphics (DPC,SPQR)

(/usr/share/texmf-texlive/tex/latex/graphics/keyval.sty
Package: keyval 1999/03/16 v1.13 key=value parser (DPC)
\KV@toks@=\toks14
)
(/usr/share/texmf-texlive/tex/latex/graphics/graphics.sty
Package: graphics 2009/02/05 v1.0o Standard LaTeX Graphics (DPC,SPQR)

(/usr/share/texmf-texlive/tex/latex/graphics/trig.sty
Package: trig 1999/03/16 v1.09 sin cos tan (DPC)
)
(/etc/texmf/tex/latex/config/graphics.cfg
File: graphics.cfg 2009/08/28 v1.8 graphics configuration of TeX Live
)
Package graphics Info: Driver file: pdftex.def on input line 91.

(/usr/share/texmf-texlive/tex/latex/pdftex-def/pdftex.def
File: pdftex.def 2010/03/12 v0.04p Graphics/color for pdfTeX
\Gread@gobject=\count93
))
\Gin@req@height=\dimen105
\Gin@req@width=\dimen106
)
(/usr/share/texmf-texlive/tex/latex/graphics/color.sty
Package: color 2005/11/14 v1.0j Standard LaTeX Color (DPC)

(/etc/texmf/tex/latex/config/color.cfg
File: color.cfg 2007/01/18 v1.5 color configuration of teTeX/TeXLive
)
Package color Info: Driver file: pdftex.def on input line 130.
)
(/usr/share/texmf-texlive/tex/latex/listings/listings.sty
\lst@mode=\count94
\lst@gtempboxa=\box31
\lst@token=\toks15
\lst@length=\count95
\lst@currlwidth=\dimen107
\lst@column=\count96
\lst@pos=\count97
\lst@lostspace=\dimen108
\lst@width=\dimen109
\lst@newlines=\count98
\lst@lineno=\count99
\lst@maxwidth=\dimen110

(/usr/share/texmf-texlive/tex/latex/listings/lstmisc.sty
File: lstmisc.sty 2007/02/22 1.4 (Carsten Heinz)
\c@lstnumber=\count100
\lst@skipnumbers=\count101
\lst@framebox=\box32
)
(/usr/share/texmf-texlive/tex/latex/listings/listings.cfg
File: listings.cfg 2007/02/22 1.4 listings configuration
))
Package: listings 2007/02/22 1.4 (Carsten Heinz)

(/usr/share/texmf-texlive/tex/latex/tools/verbatim.sty
Package: verbatim 2003/08/22 v1.5q LaTeX2e package for verbatim enhancements
\every@verbatim=\toks16
\verbatim@line=\toks17
\verbatim@in@stream=\read1
)
(/usr/share/texmf-texlive/tex/latex/tools/longtable.sty
Package: longtable 2004/02/01 v4.11 Multi-page Table package (DPC)
\LTleft=\skip45
\LTright=\skip46
\LTpre=\skip47
\LTpost=\skip48
\LTchunksize=\count102
\LTcapwidth=\dimen111
\LT@head=\box33
\LT@firsthead=\box34
\LT@foot=\box35
\LT@lastfoot=\box36
\LT@cols=\count103
\LT@rows=\count104
\c@LT@tables=\count105
\c@LT@chunks=\count106
\LT@p@ftn=\toks18
)
(/usr/share/texmf-texlive/tex/latex/hyphenat/hyphenat.sty
Package: hyphenat 2009/09/02 v2.3c hyphenation utilities
\langwohyphens=\language57
LaTeX Info: Redefining \_ on input line 43.
)
(/usr/share/texmf-texlive/tex/latex/placeins/placeins.sty
Package: placeins 2005/04/18  v 2.2
)
(/usr/share/texmf-texlive/tex/latex/tools/multicol.sty
Package: multicol 2008/12/05 v1.6h multicolumn formatting (FMi)
\c@tracingmulticols=\count107
\mult@box=\box37
\multicol@leftmargin=\dimen112
\c@unbalance=\count108
\c@collectmore=\count109
\doublecol@number=\count110
\multicoltolerance=\count111
\multicolpretolerance=\count112
\full@width=\dimen113
\page@free=\dimen114
\premulticols=\dimen115
\postmulticols=\dimen116
\multicolsep=\skip49
\multicolbaselineskip=\skip50
\partial@page=\box38
\last@line=\box39
\mult@rightbox=\box40
\mult@grightbox=\box41
\mult@gfirstbox=\box42
\mult@firstbox=\box43
\@tempa=\box44
\@tempa=\box45
\@tempa=\box46
\@tempa=\box47
\@tempa=\box48
\@tempa=\box49
\@tempa=\box50
\@tempa=\box51
\@tempa=\box52
\@tempa=\box53
\@tempa=\box54
\@tempa=\box55
\@tempa=\box56
\@tempa=\box57
\@tempa=\box58
\@tempa=\box59
\@tempa=\box60
\c@columnbadness=\count113
\c@finalcolumnbadness=\count114
\last@try=\dimen117
\multicolovershoot=\dimen118
\multicolundershoot=\dimen119
\mult@nat@firstbox=\box61
\colbreak@box=\box62
)
(/usr/share/texmf-texlive/tex/latex/multirow/multirow.sty
\bigstrutjot=\dimen120
)
(/usr/share/texmf-texlive/tex/latex/pdfpages/pdfpages.sty
Package: pdfpages 2009/02/07 v0.4g Insert pages of external PDF documents (AM)

(/usr/share/texmf-texlive/tex/latex/base/ifthen.sty
Package: ifthen 2001/05/26 v1.1c Standard LaTeX ifthen package (DPC)
)
(/usr/share/texmf-texlive/tex/latex/tools/calc.sty
Package: calc 2007/08/22 v4.3 Infix arithmetic (KKT,FJ)
\calc@Acount=\count115
\calc@Bcount=\count116
\calc@Adimen=\dimen121
\calc@Bdimen=\dimen122
\calc@Askip=\skip51
\calc@Bskip=\skip52
LaTeX Info: Redefining \setlength on input line 76.
LaTeX Info: Redefining \addtolength on input line 77.
\calc@Ccount=\count117
\calc@Cskip=\skip53
)
(/usr/share/texmf-texlive/tex/latex/eso-pic/eso-pic.sty
Package: eso-pic 2006/07/14 v1.1d eso-pic (RN)

(/usr/share/texmf-texlive/tex/latex/ms/everyshi.sty
Package: everyshi 2001/05/15 v3.00 EveryShipout Package (MS)
))
(/usr/share/texmf-texlive/tex/latex/pdfpages/pppdftex.def
File: pppdftex.def 2009/02/07 v0.4g Pdfpages driver for pdfTeX (AM)
)
\AM@pagebox=\box63
\AM@toc@title=\toks19
\c@AM@survey=\count118
\AM@templatesizebox=\box64
)
(/usr/share/texmf-texlive/tex/latex/oberdiek/epstopdf.sty
Package: epstopdf 2009/10/17 v2.4 Conversion with epstopdf on the fly (HO)

(/usr/share/texmf-texlive/tex/latex/oberdiek/epstopdf-base.sty
Package: epstopdf-base 2009/10/17 v2.4 Base part for package epstopdf

(/usr/share/texmf-texlive/tex/generic/oberdiek/infwarerr.sty
Package: infwarerr 2007/09/09 v1.2 Providing info/warning/message (HO)
)
(/usr/share/texmf-texlive/tex/latex/oberdiek/grfext.sty
Package: grfext 2007/09/30 v1.0 Managing graphics extensions (HO)
)
(/usr/share/texmf-texlive/tex/latex/oberdiek/kvoptions.sty
Package: kvoptions 2009/08/13 v3.4 Keyval support for LaTeX options (HO)

(/usr/share/texmf-texlive/tex/generic/oberdiek/kvsetkeys.sty
Package: kvsetkeys 2009/07/30 v1.5 Key value parser with default handler suppor
t (HO)

(/usr/share/texmf-texlive/tex/generic/oberdiek/etexcmds.sty
Package: etexcmds 2007/12/12 v1.2 Prefix for e-TeX command names (HO)
Package etexcmds Info: Could not find \expanded.
(etexcmds)             That can mean that you are not using pdfTeX 1.50 or
(etexcmds)             that some package has redefined \expanded.
(etexcmds)             In the latter case, load this package earlier.
)))
(/usr/share/texmf-texlive/tex/generic/oberdiek/pdftexcmds.sty
Package: pdftexcmds 2009/09/23 v0.6 LuaTeX support for pdfTeX utility functions
 (HO)

(/usr/share/texmf-texlive/tex/generic/oberdiek/ifluatex.sty
Package: ifluatex 2009/04/17 v1.2 Provides the ifluatex switch (HO)
Package ifluatex Info: LuaTeX not detected.
)
(/usr/share/texmf-texlive/tex/generic/oberdiek/ltxcmds.sty
Package: ltxcmds 2009/08/05 v1.0 Some LaTeX kernel commands for general use (HO
)
)
Package pdftexcmds Info: LuaTeX not detected.
Package pdftexcmds Info: \pdf@primitive is available.
Package pdftexcmds Info: \pdf@ifprimitive is available.
)

Package epstopdf Warning: Shell escape feature is not enabled.

Package grfext Info: Graphics extension search list:
(grfext)             [.png,.pdf,.jpg,.mps,.jpeg,.jbig2,.jb2,.PNG,.PDF,.JPG,.JPE
G,.JBIG2,.JB2,.eps]
(grfext)             \AppendGraphicsExtensions on input line 433.
(/usr/share/texmf-texlive/tex/latex/latexconfig/epstopdf-sys.cfg
File: epstopdf-sys.cfg 2009/10/26 v1.1 Configuration of epstopdf for TeX Live
)))
(/usr/share/texmf-texlive/tex/latex/ltxmisc/url.sty
\Urlmuskip=\muskip10
Package: url 2006/04/12  ver 3.3  Verb mode for urls, etc.
)
(/usr/share/texmf-texlive/tex/latex/hyperref/hyperref.sty
Package: hyperref 2009/10/09 v6.79a Hypertext links for LaTeX

(/usr/share/texmf-texlive/tex/generic/oberdiek/ifpdf.sty
Package: ifpdf 2009/04/10 v2.0 Provides the ifpdf switch (HO)
Package ifpdf Info: pdfTeX in pdf mode detected.
)
(/usr/share/texmf-texlive/tex/generic/oberdiek/ifvtex.sty
Package: ifvtex 2008/11/04 v1.4 Switches for detecting VTeX and its modes (HO)
Package ifvtex Info: VTeX not detected.
)
(/usr/share/texmf-texlive/tex/generic/ifxetex/ifxetex.sty
Package: ifxetex 2009/01/23 v0.5 Provides ifxetex conditional
)
(/usr/share/texmf-texlive/tex/latex/oberdiek/hycolor.sty
Package: hycolor 2009/10/02 v1.5 Code for color options of hyperref/bookmark (H
O)

(/usr/share/texmf-texlive/tex/latex/oberdiek/xcolor-patch.sty
Package: xcolor-patch 2009/10/02 xcolor patch
))
\@linkdim=\dimen123
\Hy@linkcounter=\count119
\Hy@pagecounter=\count120

(/usr/share/texmf-texlive/tex/latex/hyperref/pd1enc.def
File: pd1enc.def 2009/10/09 v6.79a Hyperref: PDFDocEncoding definition (HO)
)
(/usr/share/texmf-texlive/tex/latex/latexconfig/hyperref.cfg
File: hyperref.cfg 2002/06/06 v1.2 hyperref configuration of TeXLive
)
Package hyperref Info: Option `bookmarks' set `true' on input line 2864.
Package hyperref Info: Hyper figures OFF on input line 2975.
Package hyperref Info: Link nesting OFF on input line 2980.
Package hyperref Info: Hyper index ON on input line 2983.
Package hyperref Info: Plain pages OFF on input line 2990.
Package hyperref Info: Backreferencing OFF on input line 2995.

Implicit mode ON; LaTeX internals redefined
Package hyperref Info: Bookmarks ON on input line 3191.
LaTeX Info: Redefining \url on input line 3428.
(/usr/share/texmf-texlive/tex/generic/oberdiek/bitset.sty
Package: bitset 2007/09/28 v1.0 Data type bit set (HO)

(/usr/share/texmf-texlive/tex/generic/oberdiek/intcalc.sty
Package: intcalc 2007/09/27 v1.1 Expandable integer calculations (HO)
)
(/usr/share/texmf-texlive/tex/generic/oberdiek/bigintcalc.sty
Package: bigintcalc 2007/11/11 v1.1 Expandable big integer calculations (HO)
))
\Fld@menulength=\count121
\Field@Width=\dimen124
\Fld@charsize=\dimen125
\Field@toks=\toks20
Package hyperref Info: Hyper figures OFF on input line 4377.
Package hyperref Info: Link nesting OFF on input line 4382.
Package hyperref Info: Hyper index ON on input line 4385.
Package hyperref Info: backreferencing OFF on input line 4392.
Package hyperref Info: Link coloring OFF on input line 4397.
Package hyperref Info: Link coloring with OCG OFF on input line 4402.
Package hyperref Info: PDF/A mode OFF on input line 4407.

(/usr/share/texmf-texlive/tex/generic/oberdiek/atbegshi.sty
Package: atbegshi 2008/07/31 v1.9 At begin shipout hook (HO)
)
\Hy@abspage=\count122
\c@Item=\count123
\c@Hfootnote=\count124
)
*hyperref using default driver hpdftex*
(/usr/share/texmf-texlive/tex/latex/hyperref/hpdftex.def
File: hpdftex.def 2009/10/09 v6.79a Hyperref driver for pdfTeX
\Fld@listcount=\count125
)
(/usr/share/texmf-texlive/tex/latex/oberdiek/bookmark.sty
Package: bookmark 2009/08/13 v1.5 PDF bookmarks (HO)

(/usr/share/texmf-texlive/tex/generic/oberdiek/pdfescape.sty
Package: pdfescape 2007/11/11 v1.8 Provides hex, PDF name and string conversion
s (HO)
)
(/usr/share/texmf-texlive/tex/latex/oberdiek/auxhook.sty
Package: auxhook 2007/04/06 v1.1 Hooks for auxiliary files (HO)
)
(/usr/share/texmf-texlive/tex/latex/oberdiek/bkm-pdftex.def
File: bkm-pdftex.def 2009/08/13 v1.5 bookmark driver for pdfTeX (HO)
\BKM@id=\count126
))
Package hyperref Info: Option `colorlinks' set `false' on input line 66.

Enter file names to process, (chap1,chap2 ...), or `all' to process all files:

\files=all
Including all files.
(/usr/share/texmf-texlive/tex/latex/etoolbox/etoolbox.sty
Package: etoolbox 2009/08/06 v1.8 e-TeX tools for LaTeX

(/usr/share/texmf-texlive/tex/latex/etex-pkg/etex.sty
Package: etex 1998/03/26 v2.0 eTeX basic definition package (PEB)
\et@xins=\count127
)) (./main.aux
(./cover.aux) (./contents.aux) (./chap1.aux) (./chap2.aux) (./chap3.aux)
(./chap4.aux) (./chap5.aux) (./chap6.aux) (./chap7.aux) (./chap8.aux)
(./chap9.aux) (./biblio.aux))
\openout1 = `main.aux'.

LaTeX Font Info:    Checking defaults for OML/cmm/m/it on input line 94.
LaTeX Font Info:    ... okay on input line 94.
LaTeX Font Info:    Checking defaults for T1/cmr/m/n on input line 94.
LaTeX Font Info:    ... okay on input line 94.
LaTeX Font Info:    Checking defaults for OT1/cmr/m/n on input line 94.
LaTeX Font Info:    ... okay on input line 94.
LaTeX Font Info:    Checking defaults for OMS/cmsy/m/n on input line 94.
LaTeX Font Info:    ... okay on input line 94.
LaTeX Font Info:    Checking defaults for OMX/cmex/m/n on input line 94.
LaTeX Font Info:    ... okay on input line 94.
LaTeX Font Info:    Checking defaults for U/cmr/m/n on input line 94.
LaTeX Font Info:    ... okay on input line 94.
LaTeX Font Info:    Checking defaults for PD1/pdf/m/n on input line 94.
LaTeX Font Info:    ... okay on input line 94.

(/usr/share/texmf-texlive/tex/context/base/supp-pdf.mkii
[Loading MPS to PDF converter (version 2006.09.02).]
\scratchcounter=\count128
\scratchdimen=\dimen126
\scratchbox=\box65
\nofMPsegments=\count129
\nofMParguments=\count130
\everyMPshowfont=\toks21
\MPscratchCnt=\count131
\MPscratchDim=\dimen127
\MPnumerator=\count132
\everyMPtoPDFconversion=\toks22
)
\c@lstlisting=\count133
 ABD: EveryShipout initializing macros
Package hyperref Info: Link coloring OFF on input line 94.

(/usr/share/texmf-texlive/tex/latex/hyperref/nameref.sty
Package: nameref 2007/05/29 v2.31 Cross-referencing by name of section

(/usr/share/texmf-texlive/tex/latex/oberdiek/refcount.sty
Package: refcount 2008/08/11 v3.1 Data extraction from references (HO)
)
\c@section@level=\count134
)
LaTeX Info: Redefining \ref on input line 94.
LaTeX Info: Redefining \pageref on input line 94.
\AtBeginShipoutBox=\box66
\openout2 = `cover.aux'.

 (./cover.tex
LaTeX Font Info:    Try loading font information for OMS+cmr on input line 93.

(/usr/share/texmf-texlive/tex/latex/base/omscmr.fd
File: omscmr.fd 1999/05/25 v2.5h Standard LaTeX font definitions
)
LaTeX Font Info:    Font shape `OMS/cmr/m/n' in size <14.4> not available
(Font)              Font shape `OMS/cmsy/m/n' tried instead on input line 93.
 [1



{/var/lib/texmf/fonts/map/pdftex/updmap/pdftex.map}] [2

] (./abstract.tex) [3

] [4

]) [5] [6


]
\openout2 = `contents.aux'.


(./contents.tex (./main.toc
LaTeX Font Info:    External font `cmex10' loaded for size
(Font)              <12> on input line 2.
LaTeX Font Info:    External font `cmex10' loaded for size
(Font)              <8> on input line 2.
LaTeX Font Info:    External font `cmex10' loaded for size
(Font)              <6> on input line 2.
 [7


] [8])
\tf@toc=\write3
\openout3 = `main.toc'.

 [9] [10

] (./main.lof)
\tf@lof=\write4
\openout4 = `main.lof'.

 [11

] [12

]
(./main.lot)
\tf@lot=\write5
\openout5 = `main.lot'.

) [13

]
\openout2 = `chap1.aux'.

 (./chap1.tex [14



]
Chapter 1.
[15] [16]) [17]
\openout2 = `chap2.aux'.

 (./chap2.tex [18



]
Chapter 2.

Package pdftex.def Warning: Option `bb' does not make sense,
(pdftex.def)                using `viewport' instead on input line 10.

<figures/sysarch.pdf, id=218, 293.095pt x 204.765pt>
File: figures/sysarch.pdf Graphic file (type pdf)
 <use figures/sysarch.pdf>
[19 <./figures/sysarch.pdf>] [20] [21] [22]
<figures/event-logging-overview.pdf, id=283, 574.145pt x 188.705pt>
File: figures/event-logging-overview.pdf Graphic file (type pdf)

<use figures/event-logging-overview.pdf>

LaTeX Warning: `h' float specifier changed to `ht'.

[23] (/usr/share/texmf-texlive/tex/latex/listings/lstlang1.sty
File: lstlang1.sty 2004/09/05 1.3 listings language file
)
LaTeX Font Info:    Try loading font information for OML+cmr on input line 112.


(/usr/share/texmf-texlive/tex/latex/base/omlcmr.fd
File: omlcmr.fd 1999/05/25 v2.5h Standard LaTeX font definitions
)
LaTeX Font Info:    Font shape `OML/cmr/m/n' in size <12> not available
(Font)              Font shape `OML/cmm/m/it' tried instead on input line 112.
 [24 <./figures/event-logging-overview.pdf>]) [25]
\openout2 = `chap3.aux'.

 (./chap3.tex [26



]
Chapter 3.
[27]

pdfTeX warning: pdflatex (file ./figures/mint-auth-state-model.pdf): PDF inclus
ion: found PDF version <1.5>, but at most version <1.4> allowed
<figures/mint-auth-state-model.pdf, id=323, 827.09pt x 382.22804pt>
File: figures/mint-auth-state-model.pdf Graphic file (type pdf)

<use figures/mint-auth-state-model.pdf>

LaTeX Warning: `h' float specifier changed to `ht'.

LaTeX Font Info:    External font `cmex10' loaded for size
(Font)              <7> on input line 31.
LaTeX Font Info:    External font `cmex10' loaded for size
(Font)              <5> on input line 31.
[28] [29 <./figures/mint-auth-state-model.pdf>]

pdfTeX warning: pdflatex (file ./figures/mint-filesystem.pdf): PDF inclusion: f
ound PDF version <1.5>, but at most version <1.4> allowed
<figures/mint-filesystem.pdf, id=348, 554.07pt x 273.02pt>
File: figures/mint-filesystem.pdf Graphic file (type pdf)

<use figures/mint-filesystem.pdf>

LaTeX Warning: `h' float specifier changed to `ht'.

[30] [31 <./figures/mint-filesystem.pdf>]

pdfTeX warning: pdflatex (file ./figures/mint-shared-state.pdf): PDF inclusion:
 found PDF version <1.5>, but at most version <1.4> allowed
<figures/mint-shared-state.pdf, id=383, 1031.855pt x 493.042pt>
File: figures/mint-shared-state.pdf Graphic file (type pdf)

<use figures/mint-shared-state.pdf> [32 <./figures/mint-shared-state.pdf>]
[33] [34] [35]) [36]
\openout2 = `chap4.aux'.

 (./chap4.tex
Chapter 4.
[37



] <figures/activity.pdf, id=435, 467.24562pt x 644.4075pt>
File: figures/activity.pdf Graphic file (type pdf)

<use figures/activity.pdf>

LaTeX Warning: Float too large for page by 15.63368pt on input line 32.

[38] [39 <./figures/activity.pdf>]
LaTeX Font Info:    Font shape `OMS/cmr/m/n' in size <12> not available
(Font)              Font shape `OMS/cmsy/m/n' tried instead on input line 47.

(/usr/share/texmf-texlive/tex/latex/listings/lstlang1.sty
File: lstlang1.sty 2004/09/05 1.3 listings language file
) [40] [41]) [42]
\openout2 = `chap5.aux'.


(./chap5.tex
Chapter 5.
[43



] [44] [45] [46] [47] [48] [49] [50]) [51]
\openout2 = `chap6.aux'.

 (./chap6.tex [52



]
Chapter 6.
[53]
LaTeX Font Info:    Font shape `OMS/cmr/m/it' in size <12> not available
(Font)              Font shape `OMS/cmsy/m/n' tried instead on input line 42.

Underfull \vbox (badness 1184) has occurred while \output is active []

 [54]
Underfull \vbox (badness 2042) has occurred while \output is active []

 [55]
Underfull \vbox (badness 1184) has occurred while \output is active []

 [56]
[57] [58] [59] [60]) [61]
\openout2 = `chap7.aux'.

 (./chap7.tex [62



]
Chapter 7.


pdfTeX warning: pdflatex (file ./figures/impl-sysarch.pdf): PDF inclusion: foun
d PDF version <1.5>, but at most version <1.4> allowed
<figures/impl-sysarch.pdf, id=748, 504.57983pt x 442.83426pt>
File: figures/impl-sysarch.pdf Graphic file (type pdf)

<use figures/impl-sysarch.pdf> [63 <./figures/impl-sysarch.pdf>] [64] [65])
[66]
\openout2 = `chap8.aux'.

 (./chap8.tex
Chapter 8.
) [67



] [68]
\openout2 = `chap9.aux'.

 (./chap9.tex
Chapter 9.
[69



]) [70]
\openout2 = `biblio.aux'.

 (./biblio.tex (./main.bbl [71



])) [72] (./main.aux (./cover.aux)
(./contents.aux) (./chap1.aux) (./chap2.aux) (./chap3.aux) (./chap4.aux)
(./chap5.aux) (./chap6.aux) (./chap7.aux) (./chap8.aux) (./chap9.aux)
(./biblio.aux)) ) 
Here is how much of TeX's memory you used:
 8201 strings out of 493848
 117128 string characters out of 1152823
 239037 words of memory out of 3000000
 10879 multiletter control sequences out of 15000+50000
 10637 words of font info for 37 fonts, out of 3000000 for 9000
 714 hyphenation exceptions out of 8191
 41i,8n,44p,1153b,1646s stack positions out of 5000i,500n,10000p,200000b,50000s
</usr/share/texmf-texlive/fonts/type1/public/amsfonts/cm/cmbx1
2.pfb></usr/share/texmf-texlive/fonts/type1/public/amsfonts/cm/cmbxti10.pfb></u
sr/share/texmf-texlive/fonts/type1/public/amsfonts/cm/cmmi12.pfb></usr/share/te
xmf-texlive/fonts/type1/public/amsfonts/cm/cmmi8.pfb></usr/share/texmf-texlive/
fonts/type1/public/amsfonts/cm/cmr10.pfb></usr/share/texmf-texlive/fonts/type1/
public/amsfonts/cm/cmr12.pfb></usr/share/texmf-texlive/fonts/type1/public/amsfo
nts/cm/cmr17.pfb></usr/share/texmf-texlive/fonts/type1/public/amsfonts/cm/cmr7.
pfb></usr/share/texmf-texlive/fonts/type1/public/amsfonts/cm/cmr8.pfb></usr/sha
re/texmf-texlive/fonts/type1/public/amsfonts/cm/cmsy10.pfb></usr/share/texmf-te
xlive/fonts/type1/public/amsfonts/cm/cmsy8.pfb></usr/share/texmf-texlive/fonts/
type1/public/amsfonts/cm/cmti10.pfb></usr/share/texmf-texlive/fonts/type1/publi
c/amsfonts/cm/cmti12.pfb></usr/share/texmf-texlive/fonts/type1/public/amsfonts/
cm/cmtt12.pfb>
Output written on main.pdf (72 pages, 1057401 bytes).
PDF statistics:
 1124 PDF objects out of 1200 (max. 8388607)
 351 named destinations out of 1000 (max. 500000)
 476 words of extra memory for PDF output out of 10000 (max. 10000000)

